
> shop-inventory@0.5.0 build
> next build

  â–˛ Next.js 14.2.35
  - Environments: .env

   Creating an optimized production build ...
 âś“ Compiled successfully
   Linting and checking validity of types ...

./src/app/(dashboard)/accounting/reports/aging/page.tsx
38:8  Warning: React Hook useEffect has a missing dependency: 'fetchData'. Either include it or remove the dependency array.  react-hooks/exhaustive-deps

./src/app/(dashboard)/accounting/reports/page.tsx
53:8  Warning: React Hook useEffect has a missing dependency: 'fetchData'. Either include it or remove the dependency array.  react-hooks/exhaustive-deps

./src/components/accounting/reconcile/reconcile-workspace.tsx
76:8  Warning: React Hook useEffect has a missing dependency: 'fetchData'. Either include it or remove the dependency array.  react-hooks/exhaustive-deps

./src/components/shared/intelligence/product-history-tab.tsx
70:8  Warning: React Hook useEffect has missing dependencies: 'fetchSummary' and 'fetchVendors'. Either include them or remove the dependency array.  react-hooks/exhaustive-deps
74:8  Warning: React Hook useEffect has a missing dependency: 'fetchHistory'. Either include it or remove the dependency array.  react-hooks/exhaustive-deps

./src/components/tax/vat-report-dashboard.tsx
55:8  Warning: React Hook useEffect has a missing dependency: 'fetchReport'. Either include it or remove the dependency array.  react-hooks/exhaustive-deps

./src/components/tax/wht-ledger.tsx
55:8  Warning: React Hook useEffect has a missing dependency: 'fetchEntries'. Either include it or remove the dependency array.  react-hooks/exhaustive-deps

./src/components/tax/wht-report.tsx
78:8  Warning: React Hook useEffect has a missing dependency: 'fetchReport'. Either include it or remove the dependency array.  react-hooks/exhaustive-deps

info  - Need to disable some ESLint rules? Learn more here: https://nextjs.org/docs/basic-features/eslint#disabling-rules
Failed to compile.

./src/components/invoices/invoice-detail-view.tsx:24:29
Type error: Module '"@/components/ui/workflow-assistant"' declares 'WorkflowStep' locally, but it is not exported.

[0m [90m 22 |[39m[0m
[0m [90m 23 |[39m [36mimport[39m { [33mPostingPreview[39m } [36mfrom[39m [32m'@/components/accounting/posting-preview'[39m[33m;[39m[0m
[0m[31m[1m>[22m[39m[90m 24 |[39m [36mimport[39m { [33mWorkflowAssistant[39m[33m,[39m [33mWorkflowStep[39m } [36mfrom[39m [32m'@/components/ui/workflow-assistant'[39m[33m;[39m[0m
[0m [90m    |[39m                             [31m[1m^[22m[39m[0m
[0m [90m 25 |[39m[0m
[0m [90m 26 |[39m [36minterface[39m [33mInvoiceDetailViewProps[39m {[0m
[0m [90m 27 |[39m     invoice[33m:[39m any[33m;[39m[0m
Next.js build worker exited with code: 1 and signal: null
