
> shop-inventory@0.5.0 build
> next build

  ▲ Next.js 14.2.35
  - Environments: .env

   Creating an optimized production build ...
 ✓ Compiled successfully
   Linting and checking validity of types ...

./src/app/(dashboard)/accounting/reports/aging/page.tsx
38:8  Warning: React Hook useEffect has a missing dependency: 'fetchData'. Either include it or remove the dependency array.  react-hooks/exhaustive-deps

./src/app/(dashboard)/accounting/reports/page.tsx
53:8  Warning: React Hook useEffect has a missing dependency: 'fetchData'. Either include it or remove the dependency array.  react-hooks/exhaustive-deps

./src/components/accounting/reconcile/reconcile-workspace.tsx
76:8  Warning: React Hook useEffect has a missing dependency: 'fetchData'. Either include it or remove the dependency array.  react-hooks/exhaustive-deps

./src/components/shared/intelligence/product-history-tab.tsx
70:8  Warning: React Hook useEffect has missing dependencies: 'fetchSummary' and 'fetchVendors'. Either include them or remove the dependency array.  react-hooks/exhaustive-deps
74:8  Warning: React Hook useEffect has a missing dependency: 'fetchHistory'. Either include it or remove the dependency array.  react-hooks/exhaustive-deps

./src/components/tax/vat-report-dashboard.tsx
55:8  Warning: React Hook useEffect has a missing dependency: 'fetchReport'. Either include it or remove the dependency array.  react-hooks/exhaustive-deps

./src/components/tax/wht-ledger.tsx
55:8  Warning: React Hook useEffect has a missing dependency: 'fetchEntries'. Either include it or remove the dependency array.  react-hooks/exhaustive-deps

./src/components/tax/wht-report.tsx
78:8  Warning: React Hook useEffect has a missing dependency: 'fetchReport'. Either include it or remove the dependency array.  react-hooks/exhaustive-deps

info  - Need to disable some ESLint rules? Learn more here: https://nextjs.org/docs/basic-features/eslint#disabling-rules
   Collecting page data ...
   Generating static pages (0/74) ...
   Generating static pages (18/74) 
   Generating static pages (36/74) 
   Generating static pages (55/74) 
 ✓ Generating static pages (74/74)
   Finalizing page optimization ...
   Collecting build traces ...

Route (app)                                 Size     First Load JS
┌ ƒ /                                       19.2 kB         123 kB
├ ƒ /_not-found                             880 B          88.8 kB
├ ƒ /accounting/banks                       1.41 kB         167 kB
├ ƒ /accounting/payments/new                2.59 kB         199 kB
├ ƒ /accounting/periods                     4.73 kB         429 kB
├ ƒ /accounting/receipts/new                2.62 kB         199 kB
├ ƒ /accounting/reconcile                   5.04 kB         171 kB
├ ƒ /accounting/reports                     11.6 kB         437 kB
├ ƒ /accounting/reports/aging               7.92 kB         522 kB
├ ƒ /accounting/reports/ledger/[accountId]  3.63 kB         420 kB
├ ƒ /accounting/reports/partner-statement   5.36 kB         416 kB
├ ƒ /ai                                     9.16 kB         104 kB
├ ƒ /api/ai/chat                            0 B                0 B
├ ƒ /api/auth/[...nextauth]                 0 B                0 B
├ ƒ /api/ocr/extract                        0 B                0 B
├ ƒ /api/ocr/scan                           0 B                0 B
├ ƒ /api/ocr/vision                         0 B                0 B
├ ƒ /api/upload                             0 B                0 B
├ ƒ /approvals                              359 B           105 kB
├ ƒ /approvals/[id]                         6.95 kB         156 kB
├ ƒ /customers                              7.97 kB         152 kB
├ ƒ /customers/[id]                         9.8 kB          218 kB
├ ƒ /customers/[id]/edit                    2.32 kB         203 kB
├ ƒ /customers/new                          2.3 kB          193 kB
├ ƒ /dashboard                              9.65 kB         144 kB
├ ƒ /deliveries                             359 B           105 kB
├ ƒ /deliveries/[id]                        2.49 kB         125 kB
├ ƒ /expenses                               9.75 kB         303 kB
├ ƒ /expenses/[id]                          154 B           134 kB
├ ƒ /expenses/new                           154 B           134 kB
├ ƒ /help                                   1.85 kB        96.6 kB
├ ƒ /incomes                                5.52 kB         299 kB
├ ƒ /incomes/[id]                           154 B           134 kB
├ ƒ /incomes/new                            154 B           134 kB
├ ƒ /inventory/stock-take                   193 B          97.2 kB
├ ƒ /inventory/stock-take/[id]              5.48 kB         128 kB
├ ƒ /inventory/transfers                    4.38 kB         119 kB
├ ƒ /inventory/transfers/new                5.54 kB         173 kB
├ ƒ /inventory/warehouses                   6.49 kB         283 kB
├ ƒ /invoices                               5.15 kB         146 kB
├ ƒ /invoices/[id]                          8.41 kB         251 kB
├ ƒ /login                                  4.02 kB         112 kB
├ ○ /manifest.webmanifest                   0 B                0 B
├ ƒ /onboarding                             3.79 kB         113 kB
├ ƒ /order-requests                         359 B           105 kB
├ ƒ /order-requests/[id]                    3.73 kB         126 kB
├ ƒ /order-requests/new                     5.68 kB         173 kB
├ ƒ /pos                                    18.9 kB         229 kB
├ ƒ /products                               13.1 kB         297 kB
├ ƒ /products/[id]                          20.7 kB         301 kB
├ ƒ /products/low-stock                     193 B          97.2 kB
├ ƒ /products/new                           236 B           273 kB
├ ƒ /purchases                              4.7 kB          215 kB
├ ƒ /purchases/[id]                         5.62 kB         139 kB
├ ƒ /purchases/new                          10.2 kB         257 kB
├ ƒ /quotations                             359 B           105 kB
├ ƒ /quotations/[id]                        2.97 kB         125 kB
├ ƒ /quotations/new                         5.97 kB         174 kB
├ ƒ /register                               4.41 kB         108 kB
├ ƒ /reports                                34.2 kB         308 kB
├ ƒ /returns                                4.86 kB         282 kB
├ ƒ /returns/[id]                           1.87 kB         106 kB
├ ƒ /returns/create                         7.76 kB         184 kB
├ ○ /robots.txt                             0 B                0 B
├ ƒ /sales                                  6.85 kB         193 kB
├ ƒ /sales/[id]                             6.76 kB         258 kB
├ ƒ /sales/[id]/tax-invoice                 161 B          88.1 kB
├ ƒ /sales/new                              16.5 kB         270 kB
├ ƒ /settings                               12.3 kB         187 kB
├ ƒ /settings/accounting                    14.3 kB         458 kB
├ ƒ /settings/audit                         9.01 kB         168 kB
├ ƒ /settings/roles                         7.04 kB         180 kB
├ ƒ /settings/roles/[id]                    10.6 kB         166 kB
├ ƒ /settings/tax                           17.4 kB         197 kB
├ ƒ /settings/team                          6.33 kB         189 kB
├ ƒ /shipments                              13.1 kB         297 kB
├ ƒ /shipments/[id]                         10.2 kB         193 kB
├ ƒ /shipments/[id]/print                   160 B          88.1 kB
├ ƒ /shipments/create                       6.63 kB         174 kB
├ ƒ /shipments/scan                         6.31 kB         158 kB
├ ƒ /suppliers                              5.69 kB         141 kB
├ ƒ /suppliers/[id]                         193 B          97.2 kB
├ ƒ /suppliers/[id]/edit                    2.07 kB         202 kB
├ ƒ /suppliers/new                          2.06 kB         193 kB
├ ƒ /system                                 13.5 kB         220 kB
├ ƒ /system/audit-logs                      7.09 kB         164 kB
├ ƒ /system/health                          161 B          88.1 kB
├ ƒ /system/notifications                   5.05 kB         117 kB
├ ƒ /system/ops                             12.9 kB         164 kB
├ ƒ /tax/purchase-tax                       5.32 kB         117 kB
├ ƒ /tax/purchase-tax/[id]                  8.53 kB         184 kB
├ ƒ /tax/reports                            5.79 kB         149 kB
├ ƒ /warehouse                              193 B          97.2 kB
├ ƒ /warehouse/adjust                       5.17 kB         149 kB
├ ƒ /warehouse/lookup                       6.49 kB         118 kB
└ ƒ /warehouse/receive                      4.71 kB         125 kB
+ First Load JS shared by all               87.9 kB
  ├ chunks/2117-9defc66e8d01d1bf.js         31.9 kB
  ├ chunks/fd9d1056-63c9ef2b378ea890.js     53.6 kB
  └ other shared chunks (total)             2.38 kB


ƒ Middleware                                78.5 kB

○  (Static)   prerendered as static content
ƒ  (Dynamic)  server-rendered on demand

